Flow report for Laboratorio2
Mon Aug 26 12:28:52 2019
Quartus Prime Version 18.1.0 Build 625 09/12/2018 SJ Lite Edition


---------------------
; Table of Contents ;
---------------------
  1. Legal Notice
  2. Flow Summary
  3. Flow Settings
  4. Flow Non-Default Global Settings
  5. Flow Elapsed Time
  6. Flow OS Summary
  7. Flow Log
  8. Flow Messages
  9. Flow Suppressed Messages



----------------
; Legal Notice ;
----------------
Copyright (C) 2018  Intel Corporation. All rights reserved.
Your use of Intel Corporation's design tools, logic functions 
and other software and tools, and its AMPP partner logic 
functions, and any output files from any of the foregoing 
(including device programming or simulation files), and any 
associated documentation or information are expressly subject 
to the terms and conditions of the Intel Program License 
Subscription Agreement, the Intel Quartus Prime License Agreement,
the Intel FPGA IP License Agreement, or other applicable license
agreement, including, without limitation, that your use is for
the sole purpose of programming logic devices manufactured by
Intel and sold by Intel or its authorized distributors.  Please
refer to the applicable agreement for further details.



+-------------------------------------------------------------------------------+
; Flow Summary                                                                  ;
+---------------------------------+---------------------------------------------+
; Flow Status                     ; Successful - Mon Aug 26 12:28:52 2019       ;
; Quartus Prime Version           ; 18.1.0 Build 625 09/12/2018 SJ Lite Edition ;
; Revision Name                   ; Laboratorio2                                ;
; Top-level Entity Name           ; nBitsCounter                                ;
; Family                          ; Cyclone V                                   ;
; Device                          ; 5CSEMA5F31C6                                ;
; Timing Models                   ; Final                                       ;
; Logic utilization (in ALMs)     ; 3 / 32,070 ( < 1 % )                        ;
; Total registers                 ; 6                                           ;
; Total pins                      ; 6 / 457 ( 1 % )                             ;
; Total virtual pins              ; 0                                           ;
; Total block memory bits         ; 0 / 4,065,280 ( 0 % )                       ;
; Total DSP Blocks                ; 0 / 87 ( 0 % )                              ;
; Total HSSI RX PCSs              ; 0                                           ;
; Total HSSI PMA RX Deserializers ; 0                                           ;
; Total HSSI TX PCSs              ; 0                                           ;
; Total HSSI PMA TX Serializers   ; 0                                           ;
; Total PLLs                      ; 0 / 6 ( 0 % )                               ;
; Total DLLs                      ; 0 / 4 ( 0 % )                               ;
+---------------------------------+---------------------------------------------+


+-----------------------------------------+
; Flow Settings                           ;
+-------------------+---------------------+
; Option            ; Setting             ;
+-------------------+---------------------+
; Start date & time ; 08/26/2019 12:27:54 ;
; Main task         ; Compilation         ;
; Revision Name     ; Laboratorio2        ;
+-------------------+---------------------+


+------------------------------------------------------------------------------------------------------------------------------+
; Flow Non-Default Global Settings                                                                                             ;
+-------------------------------------+----------------------------------------+---------------+--------------+----------------+
; Assignment Name                     ; Value                                  ; Default Value ; Entity Name  ; Section Id     ;
+-------------------------------------+----------------------------------------+---------------+--------------+----------------+
; COMPILER_SIGNATURE_ID               ; 44883552432060.156684407429117         ; --            ; --           ; --             ;
; EDA_OUTPUT_DATA_FORMAT              ; Verilog Hdl                            ; --            ; --           ; eda_simulation ;
; EDA_SIMULATION_TOOL                 ; ModelSim-Altera (Verilog)              ; <None>        ; --           ; --             ;
; EDA_TIME_SCALE                      ; 1 ps                                   ; --            ; --           ; eda_simulation ;
; MAX_CORE_JUNCTION_TEMP              ; 85                                     ; --            ; --           ; --             ;
; MIN_CORE_JUNCTION_TEMP              ; 0                                      ; --            ; --           ; --             ;
; PARTITION_COLOR                     ; -- (Not supported for targeted family) ; --            ; nBitsCounter ; Top            ;
; PARTITION_FITTER_PRESERVATION_LEVEL ; -- (Not supported for targeted family) ; --            ; nBitsCounter ; Top            ;
; PARTITION_NETLIST_TYPE              ; -- (Not supported for targeted family) ; --            ; nBitsCounter ; Top            ;
; POWER_BOARD_THERMAL_MODEL           ; None (CONSERVATIVE)                    ; --            ; --           ; --             ;
; POWER_PRESET_COOLING_SOLUTION       ; 23 MM HEAT SINK WITH 200 LFPM AIRFLOW  ; --            ; --           ; --             ;
; PROJECT_OUTPUT_DIRECTORY            ; output_files                           ; --            ; --           ; --             ;
; TOP_LEVEL_ENTITY                    ; nBitsCounter                           ; Laboratorio2  ; --           ; --             ;
+-------------------------------------+----------------------------------------+---------------+--------------+----------------+


+--------------------------------------------------------------------------------------------------------------------------+
; Flow Elapsed Time                                                                                                        ;
+----------------------+--------------+-------------------------+---------------------+------------------------------------+
; Module Name          ; Elapsed Time ; Average Processors Used ; Peak Virtual Memory ; Total CPU Time (on all processors) ;
+----------------------+--------------+-------------------------+---------------------+------------------------------------+
; Analysis & Synthesis ; 00:00:11     ; 1.0                     ; 998 MB              ; 00:00:29                           ;
; Fitter               ; 00:00:33     ; 1.0                     ; 2334 MB             ; 00:00:55                           ;
; Assembler            ; 00:00:06     ; 1.0                     ; 951 MB              ; 00:00:06                           ;
; Timing Analyzer      ; 00:00:04     ; 1.0                     ; 1158 MB             ; 00:00:04                           ;
; EDA Netlist Writer   ; 00:00:01     ; 1.0                     ; 1114 MB             ; 00:00:01                           ;
; Total                ; 00:00:55     ; --                      ; --                  ; 00:01:35                           ;
+----------------------+--------------+-------------------------+---------------------+------------------------------------+


+--------------------------------------------------------------------------------------------+
; Flow OS Summary                                                                            ;
+----------------------+------------------+----------------+----------------+----------------+
; Module Name          ; Machine Hostname ; OS Name        ; OS Version     ; Processor type ;
+----------------------+------------------+----------------+----------------+----------------+
; Analysis & Synthesis ; winterfell       ; Antergos Linux ; Antergos Linux ; x86_64         ;
; Fitter               ; winterfell       ; Antergos Linux ; Antergos Linux ; x86_64         ;
; Assembler            ; winterfell       ; Antergos Linux ; Antergos Linux ; x86_64         ;
; Timing Analyzer      ; winterfell       ; Antergos Linux ; Antergos Linux ; x86_64         ;
; EDA Netlist Writer   ; winterfell       ; Antergos Linux ; Antergos Linux ; x86_64         ;
+----------------------+------------------+----------------+----------------+----------------+


------------
; Flow Log ;
------------
quartus_map --read_settings_files=on --write_settings_files=off Laboratorio2 -c Laboratorio2
quartus_fit --read_settings_files=off --write_settings_files=off Laboratorio2 -c Laboratorio2
quartus_asm --read_settings_files=off --write_settings_files=off Laboratorio2 -c Laboratorio2
quartus_sta Laboratorio2 -c Laboratorio2
quartus_eda --read_settings_files=off --write_settings_files=off Laboratorio2 -c Laboratorio2



